<?xml version="1.0" encoding="UTF-8"?>
<!-- Generated by org.testng.reporters.JUnitReportReporter -->
<testsuite hostname="DESKTOP-0MGR9KI" failures="0" tests="2" name="com.contactdiary.appium.testcase.ContactDiaryTest" time="41.721" errors="0" timestamp="2022-06-23T08:55:29 ICT" skipped="1">
  <testcase classname="com.contactdiary.appium.testcase.ContactDiaryTest" name="test_addNewEvent" time="41.721"/>
  <system-out/>
  <testcase classname="com.contactdiary.appium.testcase.ContactDiaryTest" name="test_gotoEventActivity">
    <skipped/>
  </testcase> <!-- test_gotoEventActivity -->
  <system-out/>
</testsuite> <!-- com.contactdiary.appium.testcase.ContactDiaryTest -->
